2026-06-11 04:36:11 +0000 [MT] Initial pipeline context: <IDEDistributionProcessingPipelineContext: 0x7a70b4c00; archive(resolved)="<IDEArchive: 0x7a86d3480>", distributionTask(resolved)="2", distributionDestination(resolved)="1", distributionMethod(resolved)="<IDEDistributionMethodDeveloperID: 0x7a7046040>", team(resolved)="<IDEProvisioningBasicTeam: 0x7a7175dc0; teamID='RR9SSU85FD', teamName='(null)'>">
	Chain (12, self inclusive):
	<IDEDistributionProcessingPipelineContext: 0x7a70b4c00; archive = "<IDEArchive: 0x7a86d3480>", distributionMethod="<IDEDistributionMethodDeveloperID: 0x7a7046040>", team="<IDEProvisioningBasicTeam: 0x7a7175dc0; teamID='RR9SSU85FD', teamName='(null)'>">
	<IDEDistributionProcessingPipelineContext: 0x7a70b4900; archive = "<IDEArchive: 0x7a86d3480>", distributionMethod="<IDEDistributionMethodDeveloperID: 0x7a7046040>", team="<IDEProvisioningBasicTeam: 0x7a7175dc0; teamID='RR9SSU85FD', teamName='(null)'>">
	<IDEDistributionContext: 0x7a87aa300; archive = "<IDEArchive: 0x7a86d3480>", distributionMethod="<IDEDistributionMethodDeveloperID: 0x7a7046040>", team="<IDEProvisioningBasicTeam: 0x7a7175dc0; teamID='RR9SSU85FD', teamName='(null)'>">
	<IDEDistributionContext: 0x7a87a9e00; archive = "<IDEArchive: 0x7a86d3480>", distributionMethod="<IDEDistributionMethodDeveloperID: 0x7a7046040>", team="<IDEProvisioningBasicTeam: 0x7a7175dc0; teamID='RR9SSU85FD', teamName='(null)'>">
	<IDEDistributionContext: 0x7a87a9b80; archive = "<IDEArchive: 0x7a86d3480>", distributionMethod="<IDEDistributionMethodDeveloperID: 0x7a7046040>", team="<IDEProvisioningBasicTeam: 0x7a7175dc0; teamID='RR9SSU85FD', teamName='(null)'>">
	<IDEDistributionContext: 0x7a87a9900; archive = "<IDEArchive: 0x7a86d3480>", distributionMethod="<IDEDistributionMethodDeveloperID: 0x7a7046040>", team="<IDEProvisioningBasicTeam: 0x7a7175dc0; teamID='RR9SSU85FD', teamName='(null)'>">
	<IDEDistributionContext: 0x7a87a8a00; archive = "<IDEArchive: 0x7a86d3480>", distributionMethod="<IDEDistributionMethodDeveloperID: 0x7a7046040>", team="<IDEProvisioningBasicTeam: 0x7a7175dc0; teamID='RR9SSU85FD', teamName='(null)'>">
	<IDEDistributionContext: 0x7a87a8780; archive = "<IDEArchive: 0x7a86d3480>", distributionMethod="<IDEDistributionMethodDeveloperID: 0x7a7046040>", team="<IDEProvisioningBasicTeam: 0x7a7175dc0; teamID='RR9SSU85FD', teamName='(null)'>">
	<IDEDistributionContext: 0x7a87a8500; archive = "<IDEArchive: 0x7a86d3480>", distributionMethod="<IDEDistributionMethodDeveloperID: 0x7a7046040>", team="<IDEProvisioningBasicTeam: 0x7a7175dc0; teamID='RR9SSU85FD', teamName='(null)'>">
	<IDEDistributionContext: 0x7a87a8280; archive = "<IDEArchive: 0x7a86d3480>", distributionMethod="<IDEDistributionMethodDeveloperID: 0x7a7046040>", team="(null)">
	<IDEDistributionContext: 0x7a87a8000; archive = "<IDEArchive: 0x7a86d3480>", distributionMethod="<IDEDistributionMethodDeveloperID: 0x7a7046040>", team="(null)">
	<IDEDistributionContext: 0x100fa66f0; archive = "<IDEArchive: 0x7a86d3480>", distributionMethod="(null)", team="(null)">
</IDEDistributionProcessingPipelineContext: 0x7a70b4c00>
2026-06-11 04:36:11 +0000 [MT] Processing step: IDEDistributionCreateDestRootStep
2026-06-11 04:36:11 +0000 [MT] Processing step: IDEDistributionCopyItemStep
2026-06-11 04:36:11 +0000 [MT] Running /usr/bin/ditto '-V' '/Users/studioone/Dev/Xe-Image-Convert/Releases-Beta/Xe-Image Convert.xcarchive/Products/Applications/Xe-Image Convert.app' '/var/folders/kb/gdrz16991hn40tj4v826ntrw0000gn/T/XcodeDistPipeline.~~~VjHPgK/Root/Applications/Xe-Image Convert.app'
2026-06-11 04:36:11 +0000  >>> Copying /Users/studioone/Dev/Xe-Image-Convert/Releases-Beta/Xe-Image Convert.xcarchive/Products/Applications/Xe-Image Convert.app 
2026-06-11 04:36:11 +0000  copying file ./Contents/_CodeSignature/CodeResources ... 
2026-06-11 04:36:11 +0000  4605 bytes for ./Contents/_CodeSignature/CodeResources
2026-06-11 04:36:11 +0000  copying file ./Contents/MacOS/Xe-Image Convert ... 
2026-06-11 04:36:11 +0000  4122224 bytes for ./Contents/MacOS/Xe-Image Convert
2026-06-11 04:36:11 +0000  copying file ./Contents/Resources/SDWebImage_SDWebImage.bundle/Contents/Resources/PrivacyInfo.xcprivacy ... 
2026-06-11 04:36:11 +0000  599 bytes for ./Contents/Resources/SDWebImage_SDWebImage.bundle/Contents/Resources/PrivacyInfo.xcprivacy
2026-06-11 04:36:11 +0000  copying file ./Contents/Resources/SDWebImage_SDWebImage.bundle/Contents/Info.plist ... 
2026-06-11 04:36:11 +0000  1246 bytes for ./Contents/Resources/SDWebImage_SDWebImage.bundle/Contents/Info.plist
2026-06-11 04:36:11 +0000  copying file ./Contents/Resources/AppIcon.icns ... 
2026-06-11 04:36:11 +0000  120245 bytes for ./Contents/Resources/AppIcon.icns
2026-06-11 04:36:11 +0000  copying file ./Contents/Resources/Assets.car ... 
2026-06-11 04:36:11 +0000  2507512 bytes for ./Contents/Resources/Assets.car
2026-06-11 04:36:11 +0000  copying file ./Contents/Resources/SDWebImage_SDWebImageMapKit.bundle/Contents/Resources/PrivacyInfo.xcprivacy ... 
2026-06-11 04:36:11 +0000  599 bytes for ./Contents/Resources/SDWebImage_SDWebImageMapKit.bundle/Contents/Resources/PrivacyInfo.xcprivacy
2026-06-11 04:36:11 +0000  copying file ./Contents/Resources/SDWebImage_SDWebImageMapKit.bundle/Contents/Info.plist ... 
2026-06-11 04:36:11 +0000  1258 bytes for ./Contents/Resources/SDWebImage_SDWebImageMapKit.bundle/Contents/Info.plist
2026-06-11 04:36:11 +0000  copying file ./Contents/Resources/Info.plist ... 
2026-06-11 04:36:11 +0000  541 bytes for ./Contents/Resources/Info.plist
2026-06-11 04:36:11 +0000  copying symlink ./Contents/Frameworks/Sparkle.framework/Resources ... 
2026-06-11 04:36:11 +0000  linked ./Contents/Frameworks/Sparkle.framework/Resources
2026-06-11 04:36:11 +0000  copying symlink ./Contents/Frameworks/Sparkle.framework/Versions/Current ... 
2026-06-11 04:36:11 +0000  linked ./Contents/Frameworks/Sparkle.framework/Versions/Current
2026-06-11 04:36:11 +0000  copying file ./Contents/Frameworks/Sparkle.framework/Versions/B/_CodeSignature/CodeResources ... 
2026-06-11 04:36:11 +0000  17887 bytes for ./Contents/Frameworks/Sparkle.framework/Versions/B/_CodeSignature/CodeResources
2026-06-11 04:36:11 +0000  copying file ./Contents/Frameworks/Sparkle.framework/Versions/B/Resources/de.lproj/Sparkle.strings ... 
2026-06-11 04:36:11 +0000  11559 bytes for ./Contents/Frameworks/Sparkle.framework/Versions/B/Resources/de.lproj/Sparkle.strings
2026-06-11 04:36:11 +0000  copying file ./Contents/Frameworks/Sparkle.framework/Versions/B/Resources/he.lproj/Sparkle.strings ... 
2026-06-11 04:36:11 +0000  9657 bytes for ./Contents/Frameworks/Sparkle.framework/Versions/B/Resources/he.lproj/Sparkle.strings
2026-06-11 04:36:11 +0000  copying file ./Contents/Frameworks/Sparkle.framework/Versions/B/Resources/ar.lproj/Sparkle.strings ... 
2026-06-11 04:36:11 +0000  3554 bytes for ./Contents/Frameworks/Sparkle.framework/Versions/B/Resources/ar.lproj/Sparkle.strings
2026-06-11 04:36:11 +0000  copying file ./Contents/Frameworks/Sparkle.framework/Versions/B/Resources/el.lproj/Sparkle.strings ... 
2026-06-11 04:36:11 +0000  5934 bytes for ./Contents/Frameworks/Sparkle.framework/Versions/B/Resources/el.lproj/Sparkle.strings
2026-06-11 04:36:11 +0000  copying file ./Contents/Frameworks/Sparkle.framework/Versions/B/Resources/ja.lproj/Sparkle.strings ... 
2026-06-11 04:36:11 +0000  8697 bytes for ./Contents/Frameworks/Sparkle.framework/Versions/B/Resources/ja.lproj/Sparkle.strings
2026-06-11 04:36:11 +0000  copying file ./Contents/Frameworks/Sparkle.framework/Versions/B/Resources/fa.lproj/Sparkle.strings ... 
2026-06-11 04:36:11 +0000  5716 bytes for ./Contents/Frameworks/Sparkle.framework/Versions/B/Resources/fa.lproj/Sparkle.strings
2026-06-11 04:36:11 +0000  copying file ./Contents/Frameworks/Sparkle.framework/Versions/B/Resources/uk.lproj/Sparkle.strings ... 
2026-06-11 04:36:11 +0000  5842 bytes for ./Contents/Frameworks/Sparkle.framework/Versions/B/Resources/uk.lproj/Sparkle.strings
2026-06-11 04:36:11 +0000  copying file ./Contents/Frameworks/Sparkle.framework/Versions/B/Resources/zh_CN.lproj/Sparkle.strings ... 
2026-06-11 04:36:11 +0000  7475 bytes for ./Contents/Frameworks/Sparkle.framework/Versions/B/Resources/zh_CN.lproj/Sparkle.strings
2026-06-11 04:36:11 +0000  copying file ./Contents/Frameworks/Sparkle.framework/Versions/B/Resources/nb.lproj/Sparkle.strings ... 
2026-06-11 04:36:11 +0000  5539 bytes for ./Contents/Frameworks/Sparkle.framework/Versions/B/Resources/nb.lproj/Sparkle.strings
2026-06-11 04:36:11 +0000  copying file ./Contents/Frameworks/Sparkle.framework/Versions/B/Resources/es.lproj/Sparkle.strings ... 
2026-06-11 04:36:11 +0000  7040 bytes for ./Contents/Frameworks/Sparkle.framework/Versions/B/Resources/es.lproj/Sparkle.strings
2026-06-11 04:36:11 +0000  copying file ./Contents/Frameworks/Sparkle.framework/Versions/B/Resources/is.lproj/Sparkle.strings ... 
2026-06-11 04:36:11 +0000  3954 bytes for ./Contents/Frameworks/Sparkle.framework/Versions/B/Resources/is.lproj/Sparkle.strings
2026-06-11 04:36:11 +0000  copying file ./Contents/Frameworks/Sparkle.framework/Versions/B/Resources/sl.lproj/Sparkle.strings ... 
2026-06-11 04:36:11 +0000  5646 bytes for ./Contents/Frameworks/Sparkle.framework/Versions/B/Resources/sl.lproj/Sparkle.strings
2026-06-11 04:36:11 +0000  copying file ./Contents/Frameworks/Sparkle.framework/Versions/B/Resources/da.lproj/Sparkle.strings ... 
2026-06-11 04:36:11 +0000  4882 bytes for ./Contents/Frameworks/Sparkle.framework/Versions/B/Resources/da.lproj/Sparkle.strings
2026-06-11 04:36:11 +0000  copying file ./Contents/Frameworks/Sparkle.framework/Versions/B/Resources/it.lproj/Sparkle.strings ... 
2026-06-11 04:36:11 +0000  10956 bytes for ./Contents/Frameworks/Sparkle.framework/Versions/B/Resources/it.lproj/Sparkle.strings
2026-06-11 04:36:11 +0000  copying file ./Contents/Frameworks/Sparkle.framework/Versions/B/Resources/sk.lproj/Sparkle.strings ... 
2026-06-11 04:36:11 +0000  5675 bytes for ./Contents/Frameworks/Sparkle.framework/Versions/B/Resources/sk.lproj/Sparkle.strings
2026-06-11 04:36:11 +0000  copying file ./Contents/Frameworks/Sparkle.framework/Versions/B/Resources/sv.lproj/Sparkle.strings ... 
2026-06-11 04:36:11 +0000  5160 bytes for ./Contents/Frameworks/Sparkle.framework/Versions/B/Resources/sv.lproj/Sparkle.strings
2026-06-11 04:36:11 +0000  copying file ./Contents/Frameworks/Sparkle.framework/Versions/B/Resources/ReleaseNotesColorStyle.css ... 
2026-06-11 04:36:11 +0000  231 bytes for ./Contents/Frameworks/Sparkle.framework/Versions/B/Resources/ReleaseNotesColorStyle.css
2026-06-11 04:36:11 +0000  copying file ./Contents/Frameworks/Sparkle.framework/Versions/B/Resources/cs.lproj/Sparkle.strings ... 
2026-06-11 04:36:11 +0000  10774 bytes for ./Contents/Frameworks/Sparkle.framework/Versions/B/Resources/cs.lproj/Sparkle.strings
2026-06-11 04:36:11 +0000  copying file ./Contents/Frameworks/Sparkle.framework/Versions/B/Resources/ko.lproj/Sparkle.strings ... 
2026-06-11 04:36:11 +0000  7797 bytes for ./Contents/Frameworks/Sparkle.framework/Versions/B/Resources/ko.lproj/Sparkle.strings
2026-06-11 04:36:11 +0000  copying file ./Contents/Frameworks/Sparkle.framework/Versions/B/Resources/Base.lproj/Sparkle.strings ... 
2026-06-11 04:36:11 +0000  6249 bytes for ./Contents/Frameworks/Sparkle.framework/Versions/B/Resources/Base.lproj/Sparkle.strings
2026-06-11 04:36:11 +0000  copying file ./Contents/Frameworks/Sparkle.framework/Versions/B/Resources/hu.lproj/Sparkle.strings ... 
2026-06-11 04:36:11 +0000  4449 bytes for ./Contents/Frameworks/Sparkle.framework/Versions/B/Resources/hu.lproj/Sparkle.strings
2026-06-11 04:36:11 +0000  copying file ./Contents/Frameworks/Sparkle.framework/Versions/B/Resources/zh_HK.lproj/Sparkle.strings ... 
2026-06-11 04:36:11 +0000  6469 bytes for ./Contents/Frameworks/Sparkle.framework/Versions/B/Resources/zh_HK.lproj/Sparkle.strings
2026-06-11 04:36:11 +0000  copying file ./Contents/Frameworks/Sparkle.framework/Versions/B/Resources/tr.lproj/Sparkle.strings ... 
2026-06-11 04:36:11 +0000  6183 bytes for ./Contents/Frameworks/Sparkle.framework/Versions/B/Resources/tr.lproj/Sparkle.strings
2026-06-11 04:36:11 +0000  copying file ./Contents/Frameworks/Sparkle.framework/Versions/B/Resources/pl.lproj/Sparkle.strings ... 
2026-06-11 04:36:11 +0000  5453 bytes for ./Contents/Frameworks/Sparkle.framework/Versions/B/Resources/pl.lproj/Sparkle.strings
2026-06-11 04:36:11 +0000  copying file ./Contents/Frameworks/Sparkle.framework/Versions/B/Resources/zh_TW.lproj/Sparkle.strings ... 
2026-06-11 04:36:11 +0000  7625 bytes for ./Contents/Frameworks/Sparkle.framework/Versions/B/Resources/zh_TW.lproj/Sparkle.strings
2026-06-11 04:36:11 +0000  copying file ./Contents/Frameworks/Sparkle.framework/Versions/B/Resources/pt-BR.lproj/Sparkle.strings ... 
2026-06-11 04:36:11 +0000  9976 bytes for ./Contents/Frameworks/Sparkle.framework/Versions/B/Resources/pt-BR.lproj/Sparkle.strings
2026-06-11 04:36:11 +0000  copying file ./Contents/Frameworks/Sparkle.framework/Versions/B/Resources/vi.lproj/Sparkle.strings ... 
2026-06-11 04:36:11 +0000  12418 bytes for ./Contents/Frameworks/Sparkle.framework/Versions/B/Resources/vi.lproj/Sparkle.strings
2026-06-11 04:36:11 +0000  copying file ./Contents/Frameworks/Sparkle.framework/Versions/B/Resources/ru.lproj/Sparkle.strings ... 
2026-06-11 04:36:11 +0000  5784 bytes for ./Contents/Frameworks/Sparkle.framework/Versions/B/Resources/ru.lproj/Sparkle.strings
2026-06-11 04:36:11 +0000  copying file ./Contents/Frameworks/Sparkle.framework/Versions/B/Resources/SUUpdatePermissionPrompt.nib/keyedobjects-110000.nib ... 
2026-06-11 04:36:11 +0000  25401 bytes for ./Contents/Frameworks/Sparkle.framework/Versions/B/Resources/SUUpdatePermissionPrompt.nib/keyedobjects-110000.nib
2026-06-11 04:36:11 +0000  copying file ./Contents/Frameworks/Sparkle.framework/Versions/B/Resources/SUUpdatePermissionPrompt.nib/keyedobjects-101300.nib ... 
2026-06-11 04:36:11 +0000  25424 bytes for ./Contents/Frameworks/Sparkle.framework/Versions/B/Resources/SUUpdatePermissionPrompt.nib/keyedobjects-101300.nib
2026-06-11 04:36:11 +0000  copying file ./Contents/Frameworks/Sparkle.framework/Versions/B/Resources/SUStatus.nib ... 
2026-06-11 04:36:11 +0000  13016 bytes for ./Contents/Frameworks/Sparkle.framework/Versions/B/Resources/SUStatus.nib
2026-06-11 04:36:11 +0000  copying file ./Contents/Frameworks/Sparkle.framework/Versions/B/Resources/SUUpdateAlert.nib ... 
2026-06-11 04:36:11 +0000  18490 bytes for ./Contents/Frameworks/Sparkle.framework/Versions/B/Resources/SUUpdateAlert.nib
2026-06-11 04:36:11 +0000  copying file ./Contents/Frameworks/Sparkle.framework/Versions/B/Resources/fr.lproj/Sparkle.strings ... 
2026-06-11 04:36:11 +0000  7855 bytes for ./Contents/Frameworks/Sparkle.framework/Versions/B/Resources/fr.lproj/Sparkle.strings
2026-06-11 04:36:11 +0000  copying file ./Contents/Frameworks/Sparkle.framework/Versions/B/Resources/fi.lproj/Sparkle.strings ... 
2026-06-11 04:36:11 +0000  3252 bytes for ./Contents/Frameworks/Sparkle.framework/Versions/B/Resources/fi.lproj/Sparkle.strings
2026-06-11 04:36:11 +0000  copying file ./Contents/Frameworks/Sparkle.framework/Versions/B/Resources/nl.lproj/Sparkle.strings ... 
2026-06-11 04:36:11 +0000  9574 bytes for ./Contents/Frameworks/Sparkle.framework/Versions/B/Resources/nl.lproj/Sparkle.strings
2026-06-11 04:36:11 +0000  copying file ./Contents/Frameworks/Sparkle.framework/Versions/B/Resources/th.lproj/Sparkle.strings ... 
2026-06-11 04:36:11 +0000  5339 bytes for ./Contents/Frameworks/Sparkle.framework/Versions/B/Resources/th.lproj/Sparkle.strings
2026-06-11 04:36:11 +0000  copying file ./Contents/Frameworks/Sparkle.framework/Versions/B/Resources/nn.lproj/Sparkle.strings ... 
2026-06-11 04:36:11 +0000  5671 bytes for ./Contents/Frameworks/Sparkle.framework/Versions/B/Resources/nn.lproj/Sparkle.strings
2026-06-11 04:36:11 +0000  copying file ./Contents/Frameworks/Sparkle.framework/Versions/B/Resources/pt-PT.lproj/Sparkle.strings ... 
2026-06-11 04:36:11 +0000  5984 bytes for ./Contents/Frameworks/Sparkle.framework/Versions/B/Resources/pt-PT.lproj/Sparkle.strings
2026-06-11 04:36:11 +0000  copying file ./Contents/Frameworks/Sparkle.framework/Versions/B/Resources/ro.lproj/Sparkle.strings ... 
2026-06-11 04:36:11 +0000  6115 bytes for ./Contents/Frameworks/Sparkle.framework/Versions/B/Resources/ro.lproj/Sparkle.strings
2026-06-11 04:36:11 +0000  copying file ./Contents/Frameworks/Sparkle.framework/Versions/B/Resources/Info.plist ... 
2026-06-11 04:36:11 +0000  1341 bytes for ./Contents/Frameworks/Sparkle.framework/Versions/B/Resources/Info.plist
2026-06-11 04:36:11 +0000  copying file ./Contents/Frameworks/Sparkle.framework/Versions/B/Resources/hr.lproj/Sparkle.strings ... 
2026-06-11 04:36:11 +0000  6367 bytes for ./Contents/Frameworks/Sparkle.framework/Versions/B/Resources/hr.lproj/Sparkle.strings
2026-06-11 04:36:11 +0000  copying file ./Contents/Frameworks/Sparkle.framework/Versions/B/Resources/ca.lproj/Sparkle.strings ... 
2026-06-11 04:36:11 +0000  3501 bytes for ./Contents/Frameworks/Sparkle.framework/Versions/B/Resources/ca.lproj/Sparkle.strings
2026-06-11 04:36:11 +0000  copying file ./Contents/Frameworks/Sparkle.framework/Versions/B/Autoupdate ... 
2026-06-11 04:36:11 +0000  709584 bytes for ./Contents/Frameworks/Sparkle.framework/Versions/B/Autoupdate
2026-06-11 04:36:11 +0000  copying file ./Contents/Frameworks/Sparkle.framework/Versions/B/Updater.app/Contents/_CodeSignature/CodeResources ... 
2026-06-11 04:36:11 +0000  2446 bytes for ./Contents/Frameworks/Sparkle.framework/Versions/B/Updater.app/Contents/_CodeSignature/CodeResources
2026-06-11 04:36:11 +0000  copying file ./Contents/Frameworks/Sparkle.framework/Versions/B/Updater.app/Contents/MacOS/Updater ... 
2026-06-11 04:36:11 +0000  290560 bytes for ./Contents/Frameworks/Sparkle.framework/Versions/B/Updater.app/Contents/MacOS/Updater
2026-06-11 04:36:11 +0000  copying file ./Contents/Frameworks/Sparkle.framework/Versions/B/Updater.app/Contents/Resources/SUStatus.nib ... 
2026-06-11 04:36:11 +0000  13016 bytes for ./Contents/Frameworks/Sparkle.framework/Versions/B/Updater.app/Contents/Resources/SUStatus.nib
2026-06-11 04:36:11 +0000  copying file ./Contents/Frameworks/Sparkle.framework/Versions/B/Updater.app/Contents/Info.plist ... 
2026-06-11 04:36:11 +0000  2400 bytes for ./Contents/Frameworks/Sparkle.framework/Versions/B/Updater.app/Contents/Info.plist
2026-06-11 04:36:11 +0000  copying file ./Contents/Frameworks/Sparkle.framework/Versions/B/Updater.app/Contents/PkgInfo ... 
2026-06-11 04:36:11 +0000  8 bytes for ./Contents/Frameworks/Sparkle.framework/Versions/B/Updater.app/Contents/PkgInfo
2026-06-11 04:36:11 +0000  copying file ./Contents/Frameworks/Sparkle.framework/Versions/B/XPCServices/Downloader.xpc/Contents/_CodeSignature/CodeResources ... 
2026-06-11 04:36:11 +0000  2200 bytes for ./Contents/Frameworks/Sparkle.framework/Versions/B/XPCServices/Downloader.xpc/Contents/_CodeSignature/CodeResources
2026-06-11 04:36:11 +0000  copying file ./Contents/Frameworks/Sparkle.framework/Versions/B/XPCServices/Downloader.xpc/Contents/MacOS/Downloader ... 
2026-06-11 04:36:11 +0000  172240 bytes for ./Contents/Frameworks/Sparkle.framework/Versions/B/XPCServices/Downloader.xpc/Contents/MacOS/Downloader
2026-06-11 04:36:11 +0000  copying file ./Contents/Frameworks/Sparkle.framework/Versions/B/XPCServices/Downloader.xpc/Contents/Info.plist ... 
2026-06-11 04:36:11 +0000  1717 bytes for ./Contents/Frameworks/Sparkle.framework/Versions/B/XPCServices/Downloader.xpc/Contents/Info.plist
2026-06-11 04:36:11 +0000  copying file ./Contents/Frameworks/Sparkle.framework/Versions/B/XPCServices/Installer.xpc/Contents/_CodeSignature/CodeResources ... 
2026-06-11 04:36:11 +0000  2200 bytes for ./Contents/Frameworks/Sparkle.framework/Versions/B/XPCServices/Installer.xpc/Contents/_CodeSignature/CodeResources
2026-06-11 04:36:11 +0000  copying file ./Contents/Frameworks/Sparkle.framework/Versions/B/XPCServices/Installer.xpc/Contents/MacOS/Installer ... 
2026-06-11 04:36:11 +0000  223472 bytes for ./Contents/Frameworks/Sparkle.framework/Versions/B/XPCServices/Installer.xpc/Contents/MacOS/Installer
2026-06-11 04:36:11 +0000  copying file ./Contents/Frameworks/Sparkle.framework/Versions/B/XPCServices/Installer.xpc/Contents/Info.plist ... 
2026-06-11 04:36:11 +0000  1605 bytes for ./Contents/Frameworks/Sparkle.framework/Versions/B/XPCServices/Installer.xpc/Contents/Info.plist
2026-06-11 04:36:11 +0000  copying file ./Contents/Frameworks/Sparkle.framework/Versions/B/Sparkle ... 
2026-06-11 04:36:11 +0000  977808 bytes for ./Contents/Frameworks/Sparkle.framework/Versions/B/Sparkle
2026-06-11 04:36:11 +0000  copying symlink ./Contents/Frameworks/Sparkle.framework/Autoupdate ... 
2026-06-11 04:36:11 +0000  linked ./Contents/Frameworks/Sparkle.framework/Autoupdate
2026-06-11 04:36:11 +0000  copying symlink ./Contents/Frameworks/Sparkle.framework/Updater.app ... 
2026-06-11 04:36:11 +0000  linked ./Contents/Frameworks/Sparkle.framework/Updater.app
2026-06-11 04:36:11 +0000  copying symlink ./Contents/Frameworks/Sparkle.framework/XPCServices ... 
2026-06-11 04:36:11 +0000  linked ./Contents/Frameworks/Sparkle.framework/XPCServices
2026-06-11 04:36:11 +0000  copying symlink ./Contents/Frameworks/Sparkle.framework/Sparkle ... 
2026-06-11 04:36:11 +0000  linked ./Contents/Frameworks/Sparkle.framework/Sparkle
2026-06-11 04:36:11 +0000  copying file ./Contents/Info.plist ... 
2026-06-11 04:36:11 +0000  1824 bytes for ./Contents/Info.plist
2026-06-11 04:36:11 +0000  copying file ./Contents/PkgInfo ... 
2026-06-11 04:36:11 +0000  8 bytes for ./Contents/PkgInfo
2026-06-11 04:36:11 +0000 [MT] /usr/bin/ditto exited with 0
2026-06-11 04:36:11 +0000 [MT] Processing step: IDEDistributionEmbedProfileStep
2026-06-11 04:36:11 +0000 [MT] Skipping profile for item: <IDEDistributionItem: 0x7a70ece40; bundleID='org.sparkle-project.DownloaderService', path='<DVTFilePath:0x7a7447540:'/Users/studioone/Dev/Xe-Image-Convert/Releases-Beta/Xe-Image Convert.xcarchive/Products/Applications/Xe-Image Convert.app/Contents/Frameworks/Sparkle.framework/Versions/B/XPCServices/Downloader.xpc'>', codeSigningInfo='<_DVTCodeSigningInformation_Path: 0x7a70ecde0; isSigned='1', isAdHocSigned='1', signingCertificate='(null)', entitlements='{
}', teamID='(null)', identifier='org.sparkle-project.DownloaderService', executablePath='<DVTFilePath:0x7a7447960:'/Users/studioone/Dev/Xe-Image-Convert/Releases-Beta/Xe-Image Convert.xcarchive/Products/Applications/Xe-Image Convert.app/Contents/Frameworks/Sparkle.framework/Versions/B/XPCServices/Downloader.xpc/Contents/MacOS/Downloader'>', hardenedRuntime='1'>'>
2026-06-11 04:36:11 +0000 [MT] Skipping profile for item: <IDEDistributionItem: 0x7a70ecfc0; bundleID='org.sparkle-project.InstallerLauncher', path='<DVTFilePath:0x7a7447c00:'/Users/studioone/Dev/Xe-Image-Convert/Releases-Beta/Xe-Image Convert.xcarchive/Products/Applications/Xe-Image Convert.app/Contents/Frameworks/Sparkle.framework/Versions/B/XPCServices/Installer.xpc'>', codeSigningInfo='<_DVTCodeSigningInformation_Path: 0x7a70ecf60; isSigned='1', isAdHocSigned='1', signingCertificate='(null)', entitlements='{
}', teamID='(null)', identifier='org.sparkle-project.InstallerLauncher', executablePath='<DVTFilePath:0x7a70ec060:'/Users/studioone/Dev/Xe-Image-Convert/Releases-Beta/Xe-Image Convert.xcarchive/Products/Applications/Xe-Image Convert.app/Contents/Frameworks/Sparkle.framework/Versions/B/XPCServices/Installer.xpc/Contents/MacOS/Installer'>', hardenedRuntime='1'>'>
2026-06-11 04:36:11 +0000 [MT] Skipping profile for item: <IDEDistributionItem: 0x7a70ecf00; bundleID='(null)', path='<DVTFilePath:0x7a7446a60:'/Users/studioone/Dev/Xe-Image-Convert/Releases-Beta/Xe-Image Convert.xcarchive/Products/Applications/Xe-Image Convert.app/Contents/Frameworks/Sparkle.framework/Versions/B/Autoupdate'>', codeSigningInfo='<_DVTCodeSigningInformation_Path: 0x7a70ecea0; isSigned='1', isAdHocSigned='1', signingCertificate='(null)', entitlements='{
    "com.apple.application-identifier" = "org.sparkle-project.Sparkle.Autoupdate";
}', teamID='(null)', identifier='Autoupdate-55554944c885cecb77e63656933767b4dcfffd2f', executablePath='<DVTFilePath:0x7a7446a60:'/Users/studioone/Dev/Xe-Image-Convert/Releases-Beta/Xe-Image Convert.xcarchive/Products/Applications/Xe-Image Convert.app/Contents/Frameworks/Sparkle.framework/Versions/B/Autoupdate'>', hardenedRuntime='1'>'>
2026-06-11 04:36:11 +0000 [MT] Skipping profile for item: <IDEDistributionItem: 0x7a70ecd80; bundleID='org.sparkle-project.Sparkle.Updater', path='<DVTFilePath:0x7a7446b20:'/Users/studioone/Dev/Xe-Image-Convert/Releases-Beta/Xe-Image Convert.xcarchive/Products/Applications/Xe-Image Convert.app/Contents/Frameworks/Sparkle.framework/Versions/B/Updater.app'>', codeSigningInfo='<_DVTCodeSigningInformation_Path: 0x7a70eccc0; isSigned='1', isAdHocSigned='1', signingCertificate='(null)', entitlements='{
}', teamID='(null)', identifier='org.sparkle-project.Sparkle.Updater', executablePath='<DVTFilePath:0x7a7446f40:'/Users/studioone/Dev/Xe-Image-Convert/Releases-Beta/Xe-Image Convert.xcarchive/Products/Applications/Xe-Image Convert.app/Contents/Frameworks/Sparkle.framework/Versions/B/Updater.app/Contents/MacOS/Updater'>', hardenedRuntime='1'>'>
2026-06-11 04:36:11 +0000 [MT] Skipping profile for item: <IDEDistributionItem: 0x7a70ed080; bundleID='org.sparkle-project.Sparkle', path='<DVTFilePath:0x7a876a1c0:'/Users/studioone/Dev/Xe-Image-Convert/Releases-Beta/Xe-Image Convert.xcarchive/Products/Applications/Xe-Image Convert.app/Contents/Frameworks/Sparkle.framework/Versions/B'>', codeSigningInfo='<_DVTCodeSigningInformation_Path: 0x7a70ed020; isSigned='1', isAdHocSigned='0', signingCertificate='<DVTSigningCertificate: 0x7a868ef40; name='Apple Development: Myles Conti (4A69H2DJ6J)', hash='BD90B5A62620D676E1195B76F538878DAE587795', serialNumber='7D7D44A976418E6C55C5D257CD6AD6AD', certificateKinds='(
    "1.2.840.113635.100.6.1.12",
    "1.2.840.113635.100.6.1.2"
), issueDate='2025-11-14 05:31:10 +0000''>', entitlements='(null)', teamID='RR9SSU85FD', identifier='org.sparkle-project.Sparkle', executablePath='<DVTFilePath:0x7a70ec360:'/Users/studioone/Dev/Xe-Image-Convert/Releases-Beta/Xe-Image Convert.xcarchive/Products/Applications/Xe-Image Convert.app/Contents/Frameworks/Sparkle.framework/Versions/B/Sparkle'>', hardenedRuntime='1'>'>
2026-06-11 04:36:11 +0000 [MT] Skipping profile for item: <IDEDistributionItem: 0x7a70ed0e0; bundleID='com.ContiBros.Xe-Image-Convert', path='<DVTFilePath:0x7a9aac280:'/Users/studioone/Dev/Xe-Image-Convert/Releases-Beta/Xe-Image Convert.xcarchive/Products/Applications/Xe-Image Convert.app'>', codeSigningInfo='<_DVTCodeSigningInformation_Path: 0x7a70ed140; isSigned='1', isAdHocSigned='0', signingCertificate='<DVTSigningCertificate: 0x7a868ef40; name='Apple Development: Myles Conti (4A69H2DJ6J)', hash='BD90B5A62620D676E1195B76F538878DAE587795', serialNumber='7D7D44A976418E6C55C5D257CD6AD6AD', certificateKinds='(
    "1.2.840.113635.100.6.1.12",
    "1.2.840.113635.100.6.1.2"
), issueDate='2025-11-14 05:31:10 +0000''>', entitlements='{
    "com.apple.security.app-sandbox" = 1;
    "com.apple.security.assets.movies.read-write" = 1;
    "com.apple.security.assets.music.read-write" = 1;
    "com.apple.security.assets.pictures.read-write" = 1;
    "com.apple.security.files.downloads.read-write" = 1;
    "com.apple.security.files.user-selected.read-write" = 1;
}', teamID='RR9SSU85FD', identifier='com.ContiBros.Xe-Image-Convert', executablePath='<DVTFilePath:0x7a9afbe00:'/Users/studioone/Dev/Xe-Image-Convert/Releases-Beta/Xe-Image Convert.xcarchive/Products/Applications/Xe-Image Convert.app/Contents/MacOS/Xe-Image Convert'>', hardenedRuntime='1'>'>
2026-06-11 04:36:11 +0000 [MT] Processing step: IDEDistributionInfoPlistStep
2026-06-11 04:36:11 +0000 [MT] Skipping step: IDEDistributionInfoPlistStep because it said so
2026-06-11 04:36:11 +0000 [MT] Skipping step: IDEDistributionInfoPlistStep because it said so
2026-06-11 04:36:11 +0000 [MT] Skipping step: IDEDistributionInfoPlistStep because it said so
2026-06-11 04:36:11 +0000 [MT] Skipping step: IDEDistributionInfoPlistStep because it said so
2026-06-11 04:36:11 +0000 [MT] Skipping step: IDEDistributionInfoPlistStep because it said so
2026-06-11 04:36:11 +0000 [MT] Skipping step: IDEDistributionInfoPlistStep because it said so
2026-06-11 04:36:11 +0000 [MT] Processing step: IDEDistributionAppThinningPlistStep
2026-06-11 04:36:11 +0000 [MT] Processing step: IDEDistributionSymbolsStep
2026-06-11 04:36:11 +0000 [MT] Skipping step: IDEDistributionSymbolsStep because it said so
2026-06-11 04:36:11 +0000 [MT] Processing step: IDEDistributionAppThinningStep
2026-06-11 04:36:11 +0000 [MT] Skipping step: IDEDistributionAppThinningStep because it said so
2026-06-11 04:36:11 +0000 [MT] Processing step: IDEDistributionArchThinningStep
2026-06-11 04:36:11 +0000 [MT] Archs to thin for item /Users/studioone/Dev/Xe-Image-Convert/Releases-Beta/Xe-Image Convert.xcarchive/Products/Applications/Xe-Image Convert.app/Contents/Frameworks/Sparkle.framework/Versions/B/XPCServices/Downloader.xpc are []
2026-06-11 04:36:11 +0000 [MT] Archs to thin for item /Users/studioone/Dev/Xe-Image-Convert/Releases-Beta/Xe-Image Convert.xcarchive/Products/Applications/Xe-Image Convert.app/Contents/Frameworks/Sparkle.framework/Versions/B/XPCServices/Installer.xpc are []
2026-06-11 04:36:11 +0000 [MT] Archs to thin for item /Users/studioone/Dev/Xe-Image-Convert/Releases-Beta/Xe-Image Convert.xcarchive/Products/Applications/Xe-Image Convert.app/Contents/Frameworks/Sparkle.framework/Versions/B/Autoupdate are []
2026-06-11 04:36:11 +0000 [MT] Archs to thin for item /Users/studioone/Dev/Xe-Image-Convert/Releases-Beta/Xe-Image Convert.xcarchive/Products/Applications/Xe-Image Convert.app/Contents/Frameworks/Sparkle.framework/Versions/B/Updater.app are []
2026-06-11 04:36:11 +0000 [MT] Archs to thin for item /Users/studioone/Dev/Xe-Image-Convert/Releases-Beta/Xe-Image Convert.xcarchive/Products/Applications/Xe-Image Convert.app/Contents/Frameworks/Sparkle.framework/Versions/B are []
2026-06-11 04:36:11 +0000 [MT] Archs to thin for item /Users/studioone/Dev/Xe-Image-Convert/Releases-Beta/Xe-Image Convert.xcarchive/Products/Applications/Xe-Image Convert.app are []
2026-06-11 04:36:11 +0000 [MT] Processing step: IDEDistributionODRStep
2026-06-11 04:36:11 +0000 [MT] Processing step: IDEDistributionStripXattrsStep
2026-06-11 04:36:11 +0000 [MT] Skipping stripping extended attributes because the codesign step will strip them.
2026-06-11 04:36:11 +0000 [MT] Skipping stripping extended attributes because the codesign step will strip them.
2026-06-11 04:36:11 +0000 [MT] Skipping stripping extended attributes because the codesign step will strip them.
2026-06-11 04:36:11 +0000 [MT] Skipping stripping extended attributes because the codesign step will strip them.
2026-06-11 04:36:11 +0000 [MT] Skipping stripping extended attributes because the codesign step will strip them.
2026-06-11 04:36:11 +0000 [MT] Skipping stripping extended attributes because the codesign step will strip them.
2026-06-11 04:36:11 +0000 [MT] Processing step: IDEDistributionCodesignStep
2026-06-11 04:36:11 +0000 [MT] Entitlements for <IDEDistributionItem: 0x7a70ece40; bundleID='org.sparkle-project.DownloaderService', path='<DVTFilePath:0x7a7447540:'/Users/studioone/Dev/Xe-Image-Convert/Releases-Beta/Xe-Image Convert.xcarchive/Products/Applications/Xe-Image Convert.app/Contents/Frameworks/Sparkle.framework/Versions/B/XPCServices/Downloader.xpc'>', codeSigningInfo='<_DVTCodeSigningInformation_Path: 0x7a70ecde0; isSigned='1', isAdHocSigned='1', signingCertificate='(null)', entitlements='{
}', teamID='(null)', identifier='org.sparkle-project.DownloaderService', executablePath='<DVTFilePath:0x7a7447960:'/Users/studioone/Dev/Xe-Image-Convert/Releases-Beta/Xe-Image Convert.xcarchive/Products/Applications/Xe-Image Convert.app/Contents/Frameworks/Sparkle.framework/Versions/B/XPCServices/Downloader.xpc/Contents/MacOS/Downloader'>', hardenedRuntime='1'>'>: {
}
2026-06-11 04:36:11 +0000 [MT] Associated App Clip Identifiers Filter: Skipping because "com.apple.developer.associated-appclip-app-identifiers" is not present
2026-06-11 04:36:11 +0000 [MT] Entitlements for <IDEDistributionItem: 0x7a70ece40; bundleID='org.sparkle-project.DownloaderService', path='<DVTFilePath:0x7a7447540:'/Users/studioone/Dev/Xe-Image-Convert/Releases-Beta/Xe-Image Convert.xcarchive/Products/Applications/Xe-Image Convert.app/Contents/Frameworks/Sparkle.framework/Versions/B/XPCServices/Downloader.xpc'>', codeSigningInfo='<_DVTCodeSigningInformation_Path: 0x7a70ecde0; isSigned='1', isAdHocSigned='1', signingCertificate='(null)', entitlements='{
}', teamID='(null)', identifier='org.sparkle-project.DownloaderService', executablePath='<DVTFilePath:0x7a7447960:'/Users/studioone/Dev/Xe-Image-Convert/Releases-Beta/Xe-Image Convert.xcarchive/Products/Applications/Xe-Image Convert.app/Contents/Frameworks/Sparkle.framework/Versions/B/XPCServices/Downloader.xpc/Contents/MacOS/Downloader'>', hardenedRuntime='1'>'> are: {
}
2026-06-11 04:36:11 +0000 [MT] Writing entitlements for <IDEDistributionItem: 0x7a70ece40; bundleID='org.sparkle-project.DownloaderService', path='<DVTFilePath:0x7a7447540:'/Users/studioone/Dev/Xe-Image-Convert/Releases-Beta/Xe-Image Convert.xcarchive/Products/Applications/Xe-Image Convert.app/Contents/Frameworks/Sparkle.framework/Versions/B/XPCServices/Downloader.xpc'>', codeSigningInfo='<_DVTCodeSigningInformation_Path: 0x7a70ecde0; isSigned='1', isAdHocSigned='1', signingCertificate='(null)', entitlements='{
}', teamID='(null)', identifier='org.sparkle-project.DownloaderService', executablePath='<DVTFilePath:0x7a7447960:'/Users/studioone/Dev/Xe-Image-Convert/Releases-Beta/Xe-Image Convert.xcarchive/Products/Applications/Xe-Image Convert.app/Contents/Frameworks/Sparkle.framework/Versions/B/XPCServices/Downloader.xpc/Contents/MacOS/Downloader'>', hardenedRuntime='1'>'> to: /var/folders/kb/gdrz16991hn40tj4v826ntrw0000gn/T/XcodeDistPipeline.~~~VjHPgK/entitlements~~~Qsww7v
2026-06-11 04:36:11 +0000 [MT] invoking codesign: <NSConcreteTask: 0x7abc6bac0; launchPath='/usr/bin/codesign', arguments='(
    "-f",
    "-s",
    39D1649AB822178F2BA77D0A9968CB8F4EDF5D37,
    "--entitlements",
    "/var/folders/kb/gdrz16991hn40tj4v826ntrw0000gn/T/XcodeDistPipeline.~~~VjHPgK/entitlements~~~Qsww7v",
    "--requirements",
    "=designated => anchor apple generic  and identifier \"$self.identifier\" and ((cert leaf[field.1.2.840.113635.100.6.1.9] exists) or ( certificate 1[field.1.2.840.113635.100.6.2.6] exists and certificate leaf[field.1.2.840.113635.100.6.1.13] exists  and certificate leaf[subject.OU] = \"RR9SSU85FD\" ))",
    "--preserve-metadata=identifier,flags,runtime,launch-constraints,library-constraints",
    "--generate-entitlement-der",
    "--strip-disallowed-xattrs",
    "-vvv",
    "/var/folders/kb/gdrz16991hn40tj4v826ntrw0000gn/T/XcodeDistPipeline.~~~VjHPgK/Root/Applications/Xe-Image Convert.app/Contents/Frameworks/Sparkle.framework/Versions/B/XPCServices/Downloader.xpc"
)'>
2026-06-11 04:36:12 +0000 [MT] codesign output: /var/folders/kb/gdrz16991hn40tj4v826ntrw0000gn/T/XcodeDistPipeline.~~~VjHPgK/Root/Applications/Xe-Image Convert.app/Contents/Frameworks/Sparkle.framework/Versions/B/XPCServices/Downloader.xpc: replacing existing signature
/var/folders/kb/gdrz16991hn40tj4v826ntrw0000gn/T/XcodeDistPipeline.~~~VjHPgK/Root/Applications/Xe-Image Convert.app/Contents/Frameworks/Sparkle.framework/Versions/B/XPCServices/Downloader.xpc: signed bundle with Mach-O universal (x86_64 arm64) [org.sparkle-project.DownloaderService]
2026-06-11 04:36:12 +0000 [MT] Entitlements for <IDEDistributionItem: 0x7a70ecfc0; bundleID='org.sparkle-project.InstallerLauncher', path='<DVTFilePath:0x7a7447c00:'/Users/studioone/Dev/Xe-Image-Convert/Releases-Beta/Xe-Image Convert.xcarchive/Products/Applications/Xe-Image Convert.app/Contents/Frameworks/Sparkle.framework/Versions/B/XPCServices/Installer.xpc'>', codeSigningInfo='<_DVTCodeSigningInformation_Path: 0x7a70ecf60; isSigned='1', isAdHocSigned='1', signingCertificate='(null)', entitlements='{
}', teamID='(null)', identifier='org.sparkle-project.InstallerLauncher', executablePath='<DVTFilePath:0x7a70ec060:'/Users/studioone/Dev/Xe-Image-Convert/Releases-Beta/Xe-Image Convert.xcarchive/Products/Applications/Xe-Image Convert.app/Contents/Frameworks/Sparkle.framework/Versions/B/XPCServices/Installer.xpc/Contents/MacOS/Installer'>', hardenedRuntime='1'>'>: {
}
2026-06-11 04:36:12 +0000 [MT] Associated App Clip Identifiers Filter: Skipping because "com.apple.developer.associated-appclip-app-identifiers" is not present
2026-06-11 04:36:12 +0000 [MT] Entitlements for <IDEDistributionItem: 0x7a70ecfc0; bundleID='org.sparkle-project.InstallerLauncher', path='<DVTFilePath:0x7a7447c00:'/Users/studioone/Dev/Xe-Image-Convert/Releases-Beta/Xe-Image Convert.xcarchive/Products/Applications/Xe-Image Convert.app/Contents/Frameworks/Sparkle.framework/Versions/B/XPCServices/Installer.xpc'>', codeSigningInfo='<_DVTCodeSigningInformation_Path: 0x7a70ecf60; isSigned='1', isAdHocSigned='1', signingCertificate='(null)', entitlements='{
}', teamID='(null)', identifier='org.sparkle-project.InstallerLauncher', executablePath='<DVTFilePath:0x7a70ec060:'/Users/studioone/Dev/Xe-Image-Convert/Releases-Beta/Xe-Image Convert.xcarchive/Products/Applications/Xe-Image Convert.app/Contents/Frameworks/Sparkle.framework/Versions/B/XPCServices/Installer.xpc/Contents/MacOS/Installer'>', hardenedRuntime='1'>'> are: {
}
2026-06-11 04:36:12 +0000 [MT] Writing entitlements for <IDEDistributionItem: 0x7a70ecfc0; bundleID='org.sparkle-project.InstallerLauncher', path='<DVTFilePath:0x7a7447c00:'/Users/studioone/Dev/Xe-Image-Convert/Releases-Beta/Xe-Image Convert.xcarchive/Products/Applications/Xe-Image Convert.app/Contents/Frameworks/Sparkle.framework/Versions/B/XPCServices/Installer.xpc'>', codeSigningInfo='<_DVTCodeSigningInformation_Path: 0x7a70ecf60; isSigned='1', isAdHocSigned='1', signingCertificate='(null)', entitlements='{
}', teamID='(null)', identifier='org.sparkle-project.InstallerLauncher', executablePath='<DVTFilePath:0x7a70ec060:'/Users/studioone/Dev/Xe-Image-Convert/Releases-Beta/Xe-Image Convert.xcarchive/Products/Applications/Xe-Image Convert.app/Contents/Frameworks/Sparkle.framework/Versions/B/XPCServices/Installer.xpc/Contents/MacOS/Installer'>', hardenedRuntime='1'>'> to: /var/folders/kb/gdrz16991hn40tj4v826ntrw0000gn/T/XcodeDistPipeline.~~~VjHPgK/entitlements~~~nfTCUu
2026-06-11 04:36:12 +0000 [MT] invoking codesign: <NSConcreteTask: 0x7abc6bc00; launchPath='/usr/bin/codesign', arguments='(
    "-f",
    "-s",
    39D1649AB822178F2BA77D0A9968CB8F4EDF5D37,
    "--entitlements",
    "/var/folders/kb/gdrz16991hn40tj4v826ntrw0000gn/T/XcodeDistPipeline.~~~VjHPgK/entitlements~~~nfTCUu",
    "--requirements",
    "=designated => anchor apple generic  and identifier \"$self.identifier\" and ((cert leaf[field.1.2.840.113635.100.6.1.9] exists) or ( certificate 1[field.1.2.840.113635.100.6.2.6] exists and certificate leaf[field.1.2.840.113635.100.6.1.13] exists  and certificate leaf[subject.OU] = \"RR9SSU85FD\" ))",
    "--preserve-metadata=identifier,flags,runtime,launch-constraints,library-constraints",
    "--generate-entitlement-der",
    "--strip-disallowed-xattrs",
    "-vvv",
    "/var/folders/kb/gdrz16991hn40tj4v826ntrw0000gn/T/XcodeDistPipeline.~~~VjHPgK/Root/Applications/Xe-Image Convert.app/Contents/Frameworks/Sparkle.framework/Versions/B/XPCServices/Installer.xpc"
)'>
2026-06-11 04:36:12 +0000 [MT] codesign output: /var/folders/kb/gdrz16991hn40tj4v826ntrw0000gn/T/XcodeDistPipeline.~~~VjHPgK/Root/Applications/Xe-Image Convert.app/Contents/Frameworks/Sparkle.framework/Versions/B/XPCServices/Installer.xpc: replacing existing signature
/var/folders/kb/gdrz16991hn40tj4v826ntrw0000gn/T/XcodeDistPipeline.~~~VjHPgK/Root/Applications/Xe-Image Convert.app/Contents/Frameworks/Sparkle.framework/Versions/B/XPCServices/Installer.xpc: signed bundle with Mach-O universal (x86_64 arm64) [org.sparkle-project.InstallerLauncher]
2026-06-11 04:36:12 +0000 [MT] Entitlements for <IDEDistributionItem: 0x7a70ecf00; bundleID='(null)', path='<DVTFilePath:0x7a7446a60:'/Users/studioone/Dev/Xe-Image-Convert/Releases-Beta/Xe-Image Convert.xcarchive/Products/Applications/Xe-Image Convert.app/Contents/Frameworks/Sparkle.framework/Versions/B/Autoupdate'>', codeSigningInfo='<_DVTCodeSigningInformation_Path: 0x7a70ecea0; isSigned='1', isAdHocSigned='1', signingCertificate='(null)', entitlements='{
    "com.apple.application-identifier" = "org.sparkle-project.Sparkle.Autoupdate";
}', teamID='(null)', identifier='Autoupdate-55554944c885cecb77e63656933767b4dcfffd2f', executablePath='<DVTFilePath:0x7a7446a60:'/Users/studioone/Dev/Xe-Image-Convert/Releases-Beta/Xe-Image Convert.xcarchive/Products/Applications/Xe-Image Convert.app/Contents/Frameworks/Sparkle.framework/Versions/B/Autoupdate'>', hardenedRuntime='1'>'>: {
    "com.apple.application-identifier" = "org.sparkle-project.Sparkle.Autoupdate";
}
2026-06-11 04:36:12 +0000 [MT] Associated App Clip Identifiers Filter: Skipping because "com.apple.developer.associated-appclip-app-identifiers" is not present
2026-06-11 04:36:12 +0000 [MT] Entitlements for <IDEDistributionItem: 0x7a70ecf00; bundleID='(null)', path='<DVTFilePath:0x7a7446a60:'/Users/studioone/Dev/Xe-Image-Convert/Releases-Beta/Xe-Image Convert.xcarchive/Products/Applications/Xe-Image Convert.app/Contents/Frameworks/Sparkle.framework/Versions/B/Autoupdate'>', codeSigningInfo='<_DVTCodeSigningInformation_Path: 0x7a70ecea0; isSigned='1', isAdHocSigned='1', signingCertificate='(null)', entitlements='{
    "com.apple.application-identifier" = "org.sparkle-project.Sparkle.Autoupdate";
}', teamID='(null)', identifier='Autoupdate-55554944c885cecb77e63656933767b4dcfffd2f', executablePath='<DVTFilePath:0x7a7446a60:'/Users/studioone/Dev/Xe-Image-Convert/Releases-Beta/Xe-Image Convert.xcarchive/Products/Applications/Xe-Image Convert.app/Contents/Frameworks/Sparkle.framework/Versions/B/Autoupdate'>', hardenedRuntime='1'>'> are: {
    "com.apple.application-identifier" = "org.sparkle-project.Sparkle.Autoupdate";
}
2026-06-11 04:36:12 +0000 [MT] Writing entitlements for <IDEDistributionItem: 0x7a70ecf00; bundleID='(null)', path='<DVTFilePath:0x7a7446a60:'/Users/studioone/Dev/Xe-Image-Convert/Releases-Beta/Xe-Image Convert.xcarchive/Products/Applications/Xe-Image Convert.app/Contents/Frameworks/Sparkle.framework/Versions/B/Autoupdate'>', codeSigningInfo='<_DVTCodeSigningInformation_Path: 0x7a70ecea0; isSigned='1', isAdHocSigned='1', signingCertificate='(null)', entitlements='{
    "com.apple.application-identifier" = "org.sparkle-project.Sparkle.Autoupdate";
}', teamID='(null)', identifier='Autoupdate-55554944c885cecb77e63656933767b4dcfffd2f', executablePath='<DVTFilePath:0x7a7446a60:'/Users/studioone/Dev/Xe-Image-Convert/Releases-Beta/Xe-Image Convert.xcarchive/Products/Applications/Xe-Image Convert.app/Contents/Frameworks/Sparkle.framework/Versions/B/Autoupdate'>', hardenedRuntime='1'>'> to: /var/folders/kb/gdrz16991hn40tj4v826ntrw0000gn/T/XcodeDistPipeline.~~~VjHPgK/entitlements~~~LHk0BY
2026-06-11 04:36:12 +0000 [MT] invoking codesign: <NSConcreteTask: 0x7abc6bc00; launchPath='/usr/bin/codesign', arguments='(
    "-f",
    "-s",
    39D1649AB822178F2BA77D0A9968CB8F4EDF5D37,
    "--entitlements",
    "/var/folders/kb/gdrz16991hn40tj4v826ntrw0000gn/T/XcodeDistPipeline.~~~VjHPgK/entitlements~~~LHk0BY",
    "--requirements",
    "=designated => anchor apple generic  and identifier \"$self.identifier\" and ((cert leaf[field.1.2.840.113635.100.6.1.9] exists) or ( certificate 1[field.1.2.840.113635.100.6.2.6] exists and certificate leaf[field.1.2.840.113635.100.6.1.13] exists  and certificate leaf[subject.OU] = \"RR9SSU85FD\" ))",
    "--preserve-metadata=identifier,flags,runtime,launch-constraints,library-constraints",
    "--generate-entitlement-der",
    "--strip-disallowed-xattrs",
    "-vvv",
    "/var/folders/kb/gdrz16991hn40tj4v826ntrw0000gn/T/XcodeDistPipeline.~~~VjHPgK/Root/Applications/Xe-Image Convert.app/Contents/Frameworks/Sparkle.framework/Versions/B/Autoupdate"
)'>
2026-06-11 04:36:13 +0000 [MT] codesign output: /var/folders/kb/gdrz16991hn40tj4v826ntrw0000gn/T/XcodeDistPipeline.~~~VjHPgK/Root/Applications/Xe-Image Convert.app/Contents/Frameworks/Sparkle.framework/Versions/B/Autoupdate: replacing existing signature
/var/folders/kb/gdrz16991hn40tj4v826ntrw0000gn/T/XcodeDistPipeline.~~~VjHPgK/Root/Applications/Xe-Image Convert.app/Contents/Frameworks/Sparkle.framework/Versions/B/Autoupdate: signed Mach-O universal (x86_64 arm64) [Autoupdate-55554944c885cecb77e63656933767b4dcfffd2f]
2026-06-11 04:36:13 +0000 [MT] Entitlements for <IDEDistributionItem: 0x7a70ecd80; bundleID='org.sparkle-project.Sparkle.Updater', path='<DVTFilePath:0x7a7446b20:'/Users/studioone/Dev/Xe-Image-Convert/Releases-Beta/Xe-Image Convert.xcarchive/Products/Applications/Xe-Image Convert.app/Contents/Frameworks/Sparkle.framework/Versions/B/Updater.app'>', codeSigningInfo='<_DVTCodeSigningInformation_Path: 0x7a70eccc0; isSigned='1', isAdHocSigned='1', signingCertificate='(null)', entitlements='{
}', teamID='(null)', identifier='org.sparkle-project.Sparkle.Updater', executablePath='<DVTFilePath:0x7a7446f40:'/Users/studioone/Dev/Xe-Image-Convert/Releases-Beta/Xe-Image Convert.xcarchive/Products/Applications/Xe-Image Convert.app/Contents/Frameworks/Sparkle.framework/Versions/B/Updater.app/Contents/MacOS/Updater'>', hardenedRuntime='1'>'>: {
}
2026-06-11 04:36:13 +0000 [MT] Associated App Clip Identifiers Filter: Skipping because "com.apple.developer.associated-appclip-app-identifiers" is not present
2026-06-11 04:36:13 +0000 [MT] Entitlements for <IDEDistributionItem: 0x7a70ecd80; bundleID='org.sparkle-project.Sparkle.Updater', path='<DVTFilePath:0x7a7446b20:'/Users/studioone/Dev/Xe-Image-Convert/Releases-Beta/Xe-Image Convert.xcarchive/Products/Applications/Xe-Image Convert.app/Contents/Frameworks/Sparkle.framework/Versions/B/Updater.app'>', codeSigningInfo='<_DVTCodeSigningInformation_Path: 0x7a70eccc0; isSigned='1', isAdHocSigned='1', signingCertificate='(null)', entitlements='{
}', teamID='(null)', identifier='org.sparkle-project.Sparkle.Updater', executablePath='<DVTFilePath:0x7a7446f40:'/Users/studioone/Dev/Xe-Image-Convert/Releases-Beta/Xe-Image Convert.xcarchive/Products/Applications/Xe-Image Convert.app/Contents/Frameworks/Sparkle.framework/Versions/B/Updater.app/Contents/MacOS/Updater'>', hardenedRuntime='1'>'> are: {
}
2026-06-11 04:36:13 +0000 [MT] Writing entitlements for <IDEDistributionItem: 0x7a70ecd80; bundleID='org.sparkle-project.Sparkle.Updater', path='<DVTFilePath:0x7a7446b20:'/Users/studioone/Dev/Xe-Image-Convert/Releases-Beta/Xe-Image Convert.xcarchive/Products/Applications/Xe-Image Convert.app/Contents/Frameworks/Sparkle.framework/Versions/B/Updater.app'>', codeSigningInfo='<_DVTCodeSigningInformation_Path: 0x7a70eccc0; isSigned='1', isAdHocSigned='1', signingCertificate='(null)', entitlements='{
}', teamID='(null)', identifier='org.sparkle-project.Sparkle.Updater', executablePath='<DVTFilePath:0x7a7446f40:'/Users/studioone/Dev/Xe-Image-Convert/Releases-Beta/Xe-Image Convert.xcarchive/Products/Applications/Xe-Image Convert.app/Contents/Frameworks/Sparkle.framework/Versions/B/Updater.app/Contents/MacOS/Updater'>', hardenedRuntime='1'>'> to: /var/folders/kb/gdrz16991hn40tj4v826ntrw0000gn/T/XcodeDistPipeline.~~~VjHPgK/entitlements~~~7spIf2
2026-06-11 04:36:13 +0000 [MT] invoking codesign: <NSConcreteTask: 0x7abc6bc00; launchPath='/usr/bin/codesign', arguments='(
    "-f",
    "-s",
    39D1649AB822178F2BA77D0A9968CB8F4EDF5D37,
    "--entitlements",
    "/var/folders/kb/gdrz16991hn40tj4v826ntrw0000gn/T/XcodeDistPipeline.~~~VjHPgK/entitlements~~~7spIf2",
    "--requirements",
    "=designated => anchor apple generic  and identifier \"$self.identifier\" and ((cert leaf[field.1.2.840.113635.100.6.1.9] exists) or ( certificate 1[field.1.2.840.113635.100.6.2.6] exists and certificate leaf[field.1.2.840.113635.100.6.1.13] exists  and certificate leaf[subject.OU] = \"RR9SSU85FD\" ))",
    "--preserve-metadata=identifier,flags,runtime,launch-constraints,library-constraints",
    "--generate-entitlement-der",
    "--strip-disallowed-xattrs",
    "-vvv",
    "/var/folders/kb/gdrz16991hn40tj4v826ntrw0000gn/T/XcodeDistPipeline.~~~VjHPgK/Root/Applications/Xe-Image Convert.app/Contents/Frameworks/Sparkle.framework/Versions/B/Updater.app"
)'>
2026-06-11 04:36:13 +0000 [MT] codesign output: /var/folders/kb/gdrz16991hn40tj4v826ntrw0000gn/T/XcodeDistPipeline.~~~VjHPgK/Root/Applications/Xe-Image Convert.app/Contents/Frameworks/Sparkle.framework/Versions/B/Updater.app: replacing existing signature
/var/folders/kb/gdrz16991hn40tj4v826ntrw0000gn/T/XcodeDistPipeline.~~~VjHPgK/Root/Applications/Xe-Image Convert.app/Contents/Frameworks/Sparkle.framework/Versions/B/Updater.app: signed app bundle with Mach-O universal (x86_64 arm64) [org.sparkle-project.Sparkle.Updater]
2026-06-11 04:36:13 +0000 [MT] Entitlements for <IDEDistributionItem: 0x7a70ed080; bundleID='org.sparkle-project.Sparkle', path='<DVTFilePath:0x7a876a1c0:'/Users/studioone/Dev/Xe-Image-Convert/Releases-Beta/Xe-Image Convert.xcarchive/Products/Applications/Xe-Image Convert.app/Contents/Frameworks/Sparkle.framework/Versions/B'>', codeSigningInfo='<_DVTCodeSigningInformation_Path: 0x7a70ed020; isSigned='1', isAdHocSigned='0', signingCertificate='<DVTSigningCertificate: 0x7a868ef40; name='Apple Development: Myles Conti (4A69H2DJ6J)', hash='BD90B5A62620D676E1195B76F538878DAE587795', serialNumber='7D7D44A976418E6C55C5D257CD6AD6AD', certificateKinds='(
    "1.2.840.113635.100.6.1.12",
    "1.2.840.113635.100.6.1.2"
), issueDate='2025-11-14 05:31:10 +0000''>', entitlements='(null)', teamID='RR9SSU85FD', identifier='org.sparkle-project.Sparkle', executablePath='<DVTFilePath:0x7a70ec360:'/Users/studioone/Dev/Xe-Image-Convert/Releases-Beta/Xe-Image Convert.xcarchive/Products/Applications/Xe-Image Convert.app/Contents/Frameworks/Sparkle.framework/Versions/B/Sparkle'>', hardenedRuntime='1'>'>: {
}
2026-06-11 04:36:13 +0000 [MT] Associated App Clip Identifiers Filter: Skipping because "com.apple.developer.associated-appclip-app-identifiers" is not present
2026-06-11 04:36:13 +0000 [MT] Entitlements for <IDEDistributionItem: 0x7a70ed080; bundleID='org.sparkle-project.Sparkle', path='<DVTFilePath:0x7a876a1c0:'/Users/studioone/Dev/Xe-Image-Convert/Releases-Beta/Xe-Image Convert.xcarchive/Products/Applications/Xe-Image Convert.app/Contents/Frameworks/Sparkle.framework/Versions/B'>', codeSigningInfo='<_DVTCodeSigningInformation_Path: 0x7a70ed020; isSigned='1', isAdHocSigned='0', signingCertificate='<DVTSigningCertificate: 0x7a868e1c0; name='Apple Development: Myles Conti (4A69H2DJ6J)', hash='BD90B5A62620D676E1195B76F538878DAE587795', serialNumber='7D7D44A976418E6C55C5D257CD6AD6AD', certificateKinds='(
    "1.2.840.113635.100.6.1.12",
    "1.2.840.113635.100.6.1.2"
), issueDate='2025-11-14 05:31:10 +0000''>', entitlements='(null)', teamID='RR9SSU85FD', identifier='org.sparkle-project.Sparkle', executablePath='<DVTFilePath:0x7a70ec360:'/Users/studioone/Dev/Xe-Image-Convert/Releases-Beta/Xe-Image Convert.xcarchive/Products/Applications/Xe-Image Convert.app/Contents/Frameworks/Sparkle.framework/Versions/B/Sparkle'>', hardenedRuntime='1'>'> are: {
}
2026-06-11 04:36:13 +0000 [MT] Writing entitlements for <IDEDistributionItem: 0x7a70ed080; bundleID='org.sparkle-project.Sparkle', path='<DVTFilePath:0x7a876a1c0:'/Users/studioone/Dev/Xe-Image-Convert/Releases-Beta/Xe-Image Convert.xcarchive/Products/Applications/Xe-Image Convert.app/Contents/Frameworks/Sparkle.framework/Versions/B'>', codeSigningInfo='<_DVTCodeSigningInformation_Path: 0x7a70ed020; isSigned='1', isAdHocSigned='0', signingCertificate='<DVTSigningCertificate: 0x7a868e1c0; name='Apple Development: Myles Conti (4A69H2DJ6J)', hash='BD90B5A62620D676E1195B76F538878DAE587795', serialNumber='7D7D44A976418E6C55C5D257CD6AD6AD', certificateKinds='(
    "1.2.840.113635.100.6.1.12",
    "1.2.840.113635.100.6.1.2"
), issueDate='2025-11-14 05:31:10 +0000''>', entitlements='(null)', teamID='RR9SSU85FD', identifier='org.sparkle-project.Sparkle', executablePath='<DVTFilePath:0x7a70ec360:'/Users/studioone/Dev/Xe-Image-Convert/Releases-Beta/Xe-Image Convert.xcarchive/Products/Applications/Xe-Image Convert.app/Contents/Frameworks/Sparkle.framework/Versions/B/Sparkle'>', hardenedRuntime='1'>'> to: /var/folders/kb/gdrz16991hn40tj4v826ntrw0000gn/T/XcodeDistPipeline.~~~VjHPgK/entitlements~~~7BRAh1
2026-06-11 04:36:13 +0000 [MT] invoking codesign: <NSConcreteTask: 0x7abc6bc00; launchPath='/usr/bin/codesign', arguments='(
    "-f",
    "-s",
    39D1649AB822178F2BA77D0A9968CB8F4EDF5D37,
    "--entitlements",
    "/var/folders/kb/gdrz16991hn40tj4v826ntrw0000gn/T/XcodeDistPipeline.~~~VjHPgK/entitlements~~~7BRAh1",
    "--requirements",
    "=designated => anchor apple generic  and identifier \"$self.identifier\" and ((cert leaf[field.1.2.840.113635.100.6.1.9] exists) or ( certificate 1[field.1.2.840.113635.100.6.2.6] exists and certificate leaf[field.1.2.840.113635.100.6.1.13] exists  and certificate leaf[subject.OU] = \"RR9SSU85FD\" ))",
    "--preserve-metadata=identifier,flags,runtime,launch-constraints,library-constraints",
    "--generate-entitlement-der",
    "--strip-disallowed-xattrs",
    "-vvv",
    "/var/folders/kb/gdrz16991hn40tj4v826ntrw0000gn/T/XcodeDistPipeline.~~~VjHPgK/Root/Applications/Xe-Image Convert.app/Contents/Frameworks/Sparkle.framework/Versions/B"
)'>
2026-06-11 04:36:14 +0000 [MT] codesign output: /var/folders/kb/gdrz16991hn40tj4v826ntrw0000gn/T/XcodeDistPipeline.~~~VjHPgK/Root/Applications/Xe-Image Convert.app/Contents/Frameworks/Sparkle.framework/Versions/B: replacing existing signature
/var/folders/kb/gdrz16991hn40tj4v826ntrw0000gn/T/XcodeDistPipeline.~~~VjHPgK/Root/Applications/Xe-Image Convert.app/Contents/Frameworks/Sparkle.framework/Versions/B: signed bundle with Mach-O universal (x86_64 arm64) [org.sparkle-project.Sparkle]
2026-06-11 04:36:14 +0000 [MT] Entitlements for <IDEDistributionItem: 0x7a70ed0e0; bundleID='com.ContiBros.Xe-Image-Convert', path='<DVTFilePath:0x7a9aac280:'/Users/studioone/Dev/Xe-Image-Convert/Releases-Beta/Xe-Image Convert.xcarchive/Products/Applications/Xe-Image Convert.app'>', codeSigningInfo='<_DVTCodeSigningInformation_Path: 0x7a70ed140; isSigned='1', isAdHocSigned='0', signingCertificate='<DVTSigningCertificate: 0x7a868ef40; name='Apple Development: Myles Conti (4A69H2DJ6J)', hash='BD90B5A62620D676E1195B76F538878DAE587795', serialNumber='7D7D44A976418E6C55C5D257CD6AD6AD', certificateKinds='(
    "1.2.840.113635.100.6.1.12",
    "1.2.840.113635.100.6.1.2"
), issueDate='2025-11-14 05:31:10 +0000''>', entitlements='{
    "com.apple.security.app-sandbox" = 1;
    "com.apple.security.assets.movies.read-write" = 1;
    "com.apple.security.assets.music.read-write" = 1;
    "com.apple.security.assets.pictures.read-write" = 1;
    "com.apple.security.files.downloads.read-write" = 1;
    "com.apple.security.files.user-selected.read-write" = 1;
}', teamID='RR9SSU85FD', identifier='com.ContiBros.Xe-Image-Convert', executablePath='<DVTFilePath:0x7a9afbe00:'/Users/studioone/Dev/Xe-Image-Convert/Releases-Beta/Xe-Image Convert.xcarchive/Products/Applications/Xe-Image Convert.app/Contents/MacOS/Xe-Image Convert'>', hardenedRuntime='1'>'>: {
    "com.apple.security.app-sandbox" = 1;
    "com.apple.security.assets.movies.read-write" = 1;
    "com.apple.security.assets.music.read-write" = 1;
    "com.apple.security.assets.pictures.read-write" = 1;
    "com.apple.security.files.downloads.read-write" = 1;
    "com.apple.security.files.user-selected.read-write" = 1;
}
2026-06-11 04:36:14 +0000 [MT] Associated App Clip Identifiers Filter: Skipping because "com.apple.developer.associated-appclip-app-identifiers" is not present
2026-06-11 04:36:14 +0000 [MT] Entitlements for <IDEDistributionItem: 0x7a70ed0e0; bundleID='com.ContiBros.Xe-Image-Convert', path='<DVTFilePath:0x7a9aac280:'/Users/studioone/Dev/Xe-Image-Convert/Releases-Beta/Xe-Image Convert.xcarchive/Products/Applications/Xe-Image Convert.app'>', codeSigningInfo='<_DVTCodeSigningInformation_Path: 0x7a70ed140; isSigned='1', isAdHocSigned='0', signingCertificate='<DVTSigningCertificate: 0x7a868e1c0; name='Apple Development: Myles Conti (4A69H2DJ6J)', hash='BD90B5A62620D676E1195B76F538878DAE587795', serialNumber='7D7D44A976418E6C55C5D257CD6AD6AD', certificateKinds='(
    "1.2.840.113635.100.6.1.12",
    "1.2.840.113635.100.6.1.2"
), issueDate='2025-11-14 05:31:10 +0000''>', entitlements='{
    "com.apple.security.app-sandbox" = 1;
    "com.apple.security.assets.movies.read-write" = 1;
    "com.apple.security.assets.music.read-write" = 1;
    "com.apple.security.assets.pictures.read-write" = 1;
    "com.apple.security.files.downloads.read-write" = 1;
    "com.apple.security.files.user-selected.read-write" = 1;
}', teamID='RR9SSU85FD', identifier='com.ContiBros.Xe-Image-Convert', executablePath='<DVTFilePath:0x7a9afbe00:'/Users/studioone/Dev/Xe-Image-Convert/Releases-Beta/Xe-Image Convert.xcarchive/Products/Applications/Xe-Image Convert.app/Contents/MacOS/Xe-Image Convert'>', hardenedRuntime='1'>'> are: {
    "com.apple.security.app-sandbox" = 1;
    "com.apple.security.assets.movies.read-write" = 1;
    "com.apple.security.assets.music.read-write" = 1;
    "com.apple.security.assets.pictures.read-write" = 1;
    "com.apple.security.files.downloads.read-write" = 1;
    "com.apple.security.files.user-selected.read-write" = 1;
}
2026-06-11 04:36:14 +0000 [MT] Writing entitlements for <IDEDistributionItem: 0x7a70ed0e0; bundleID='com.ContiBros.Xe-Image-Convert', path='<DVTFilePath:0x7a9aac280:'/Users/studioone/Dev/Xe-Image-Convert/Releases-Beta/Xe-Image Convert.xcarchive/Products/Applications/Xe-Image Convert.app'>', codeSigningInfo='<_DVTCodeSigningInformation_Path: 0x7a70ed140; isSigned='1', isAdHocSigned='0', signingCertificate='<DVTSigningCertificate: 0x7a868e1c0; name='Apple Development: Myles Conti (4A69H2DJ6J)', hash='BD90B5A62620D676E1195B76F538878DAE587795', serialNumber='7D7D44A976418E6C55C5D257CD6AD6AD', certificateKinds='(
    "1.2.840.113635.100.6.1.12",
    "1.2.840.113635.100.6.1.2"
), issueDate='2025-11-14 05:31:10 +0000''>', entitlements='{
    "com.apple.security.app-sandbox" = 1;
    "com.apple.security.assets.movies.read-write" = 1;
    "com.apple.security.assets.music.read-write" = 1;
    "com.apple.security.assets.pictures.read-write" = 1;
    "com.apple.security.files.downloads.read-write" = 1;
    "com.apple.security.files.user-selected.read-write" = 1;
}', teamID='RR9SSU85FD', identifier='com.ContiBros.Xe-Image-Convert', executablePath='<DVTFilePath:0x7a9afbe00:'/Users/studioone/Dev/Xe-Image-Convert/Releases-Beta/Xe-Image Convert.xcarchive/Products/Applications/Xe-Image Convert.app/Contents/MacOS/Xe-Image Convert'>', hardenedRuntime='1'>'> to: /var/folders/kb/gdrz16991hn40tj4v826ntrw0000gn/T/XcodeDistPipeline.~~~VjHPgK/entitlements~~~JXvbci
2026-06-11 04:36:14 +0000 [MT] invoking codesign: <NSConcreteTask: 0x7abc6bc00; launchPath='/usr/bin/codesign', arguments='(
    "-f",
    "-s",
    39D1649AB822178F2BA77D0A9968CB8F4EDF5D37,
    "--entitlements",
    "/var/folders/kb/gdrz16991hn40tj4v826ntrw0000gn/T/XcodeDistPipeline.~~~VjHPgK/entitlements~~~JXvbci",
    "--requirements",
    "=designated => anchor apple generic  and identifier \"$self.identifier\" and ((cert leaf[field.1.2.840.113635.100.6.1.9] exists) or ( certificate 1[field.1.2.840.113635.100.6.2.6] exists and certificate leaf[field.1.2.840.113635.100.6.1.13] exists  and certificate leaf[subject.OU] = \"RR9SSU85FD\" ))",
    "--preserve-metadata=identifier,flags,runtime,launch-constraints,library-constraints",
    "--generate-entitlement-der",
    "--strip-disallowed-xattrs",
    "-vvv",
    "/var/folders/kb/gdrz16991hn40tj4v826ntrw0000gn/T/XcodeDistPipeline.~~~VjHPgK/Root/Applications/Xe-Image Convert.app"
)'>
2026-06-11 04:36:14 +0000 [MT] codesign output: /var/folders/kb/gdrz16991hn40tj4v826ntrw0000gn/T/XcodeDistPipeline.~~~VjHPgK/Root/Applications/Xe-Image Convert.app: replacing existing signature
/var/folders/kb/gdrz16991hn40tj4v826ntrw0000gn/T/XcodeDistPipeline.~~~VjHPgK/Root/Applications/Xe-Image Convert.app: signed app bundle with Mach-O universal (x86_64 arm64) [com.ContiBros.Xe-Image-Convert]
2026-06-11 04:36:14 +0000 [MT] Processing step: IDEDistributionZipODRItemStep
2026-06-11 04:36:14 +0000 [MT] Skipping step: IDEDistributionZipODRItemStep because it said so
2026-06-11 04:36:14 +0000 [MT] Skipping step: IDEDistributionZipODRItemStep because it said so
2026-06-11 04:36:14 +0000 [MT] Skipping step: IDEDistributionZipODRItemStep because it said so
2026-06-11 04:36:14 +0000 [MT] Skipping step: IDEDistributionZipODRItemStep because it said so
2026-06-11 04:36:14 +0000 [MT] Skipping step: IDEDistributionZipODRItemStep because it said so
2026-06-11 04:36:14 +0000 [MT] Skipping step: IDEDistributionZipODRItemStep because it said so
2026-06-11 04:36:14 +0000 [MT] Processing step: IDEDistributionSkipPackagingStep
2026-06-11 04:36:14 +0000 [MT] Processing step: IDEDistributionAppStoreInformationStep
2026-06-11 04:36:14 +0000 [MT] Skipping step: IDEDistributionAppStoreInformationStep because it said so
2026-06-11 04:36:14 +0000 [MT] Processing step: IDEDistributionGenerateProcessedDistributionItems
2026-06-11 04:36:14 +0000 [MT] IDEDistributionItem init <DVTFilePath:0x7a72d4840:'/var/folders/kb/gdrz16991hn40tj4v826ntrw0000gn/T/XcodeDistPipeline.~~~VjHPgK/Root/Applications/Xe-Image Convert.app/Contents/Frameworks/Sparkle.framework/Versions/B/XPCServices/Installer.xpc'>
2026-06-11 04:36:14 +0000 [MT] [OPTIONAL] Didn't find embedded provisioning profile for <DVTFilePath:0x7a72d4840:'/var/folders/kb/gdrz16991hn40tj4v826ntrw0000gn/T/XcodeDistPipeline.~~~VjHPgK/Root/Applications/Xe-Image Convert.app/Contents/Frameworks/Sparkle.framework/Versions/B/XPCServices/Installer.xpc'>: Error Domain=NSCocoaErrorDomain Code=4 "No file at <DVTFilePath:0x7a7c30a10:'/var/folders/kb/gdrz16991hn40tj4v826ntrw0000gn/T/XcodeDistPipeline.~~~VjHPgK/Root/Applications/Xe-Image Convert.app/Contents/Frameworks/Sparkle.framework/Versions/B/XPCServices/Installer.xpc/Contents/embedded.provisionprofile'>" UserInfo={NSLocalizedDescription=No file at <DVTFilePath:0x7a7c30a10:'/var/folders/kb/gdrz16991hn40tj4v826ntrw0000gn/T/XcodeDistPipeline.~~~VjHPgK/Root/Applications/Xe-Image Convert.app/Contents/Frameworks/Sparkle.framework/Versions/B/XPCServices/Installer.xpc/Contents/embedded.provisionprofile'>}
2026-06-11 04:36:14 +0000 [MT] IDEDistributionItem init <DVTFilePath:0x7a72d4540:'/var/folders/kb/gdrz16991hn40tj4v826ntrw0000gn/T/XcodeDistPipeline.~~~VjHPgK/Root/Applications/Xe-Image Convert.app/Contents/Frameworks/Sparkle.framework/Versions/B/XPCServices/Downloader.xpc'>
2026-06-11 04:36:14 +0000 [MT] [OPTIONAL] Didn't find embedded provisioning profile for <DVTFilePath:0x7a72d4540:'/var/folders/kb/gdrz16991hn40tj4v826ntrw0000gn/T/XcodeDistPipeline.~~~VjHPgK/Root/Applications/Xe-Image Convert.app/Contents/Frameworks/Sparkle.framework/Versions/B/XPCServices/Downloader.xpc'>: Error Domain=NSCocoaErrorDomain Code=4 "No file at <DVTFilePath:0x7a7c32220:'/var/folders/kb/gdrz16991hn40tj4v826ntrw0000gn/T/XcodeDistPipeline.~~~VjHPgK/Root/Applications/Xe-Image Convert.app/Contents/Frameworks/Sparkle.framework/Versions/B/XPCServices/Downloader.xpc/Contents/embedded.provisionprofile'>" UserInfo={NSLocalizedDescription=No file at <DVTFilePath:0x7a7c32220:'/var/folders/kb/gdrz16991hn40tj4v826ntrw0000gn/T/XcodeDistPipeline.~~~VjHPgK/Root/Applications/Xe-Image Convert.app/Contents/Frameworks/Sparkle.framework/Versions/B/XPCServices/Downloader.xpc/Contents/embedded.provisionprofile'>}
2026-06-11 04:36:14 +0000 [MT] IDEDistributionItem init <DVTFilePath:0x7a72d4a20:'/var/folders/kb/gdrz16991hn40tj4v826ntrw0000gn/T/XcodeDistPipeline.~~~VjHPgK/Root/Applications/Xe-Image Convert.app/Contents/Frameworks/Sparkle.framework/Versions/B/Updater.app'>
2026-06-11 04:36:14 +0000 [MT] [OPTIONAL] Didn't find embedded provisioning profile for <DVTFilePath:0x7a72d4a20:'/var/folders/kb/gdrz16991hn40tj4v826ntrw0000gn/T/XcodeDistPipeline.~~~VjHPgK/Root/Applications/Xe-Image Convert.app/Contents/Frameworks/Sparkle.framework/Versions/B/Updater.app'>: Error Domain=NSCocoaErrorDomain Code=4 "No file at <DVTFilePath:0x7a7c30230:'/var/folders/kb/gdrz16991hn40tj4v826ntrw0000gn/T/XcodeDistPipeline.~~~VjHPgK/Root/Applications/Xe-Image Convert.app/Contents/Frameworks/Sparkle.framework/Versions/B/Updater.app/Contents/embedded.provisionprofile'>" UserInfo={NSLocalizedDescription=No file at <DVTFilePath:0x7a7c30230:'/var/folders/kb/gdrz16991hn40tj4v826ntrw0000gn/T/XcodeDistPipeline.~~~VjHPgK/Root/Applications/Xe-Image Convert.app/Contents/Frameworks/Sparkle.framework/Versions/B/Updater.app/Contents/embedded.provisionprofile'>}
2026-06-11 04:36:14 +0000 [MT] IDEDistributionItem init <DVTFilePath:0x7a72d56e0:'/var/folders/kb/gdrz16991hn40tj4v826ntrw0000gn/T/XcodeDistPipeline.~~~VjHPgK/Root/Applications/Xe-Image Convert.app/Contents/Frameworks/Sparkle.framework/Versions/B/Autoupdate'>
2026-06-11 04:36:14 +0000 [MT] [OPTIONAL] Didn't find info dictionary for <DVTFilePath:0x7a72d56e0:'/var/folders/kb/gdrz16991hn40tj4v826ntrw0000gn/T/XcodeDistPipeline.~~~VjHPgK/Root/Applications/Xe-Image Convert.app/Contents/Frameworks/Sparkle.framework/Versions/B/Autoupdate'>: Error Domain=DVTFoundationNSBundleAdditionsErrorDomain Code=1 "Couldn't load Info dictionary for <DVTFilePath:0x7a72d56e0:'/var/folders/kb/gdrz16991hn40tj4v826ntrw0000gn/T/XcodeDistPipeline.~~~VjHPgK/Root/Applications/Xe-Image Convert.app/Contents/Frameworks/Sparkle.framework/Versions/B/Autoupdate'>" UserInfo={NSLocalizedDescription=Couldn't load Info dictionary for <DVTFilePath:0x7a72d56e0:'/var/folders/kb/gdrz16991hn40tj4v826ntrw0000gn/T/XcodeDistPipeline.~~~VjHPgK/Root/Applications/Xe-Image Convert.app/Contents/Frameworks/Sparkle.framework/Versions/B/Autoupdate'>}
2026-06-11 04:36:14 +0000 [MT] [OPTIONAL] Can't have a profile, not a bundle at <DVTFilePath:0x7a72d56e0:'/var/folders/kb/gdrz16991hn40tj4v826ntrw0000gn/T/XcodeDistPipeline.~~~VjHPgK/Root/Applications/Xe-Image Convert.app/Contents/Frameworks/Sparkle.framework/Versions/B/Autoupdate'>
2026-06-11 04:36:14 +0000 [MT] IDEDistributionItem init <DVTFilePath:0x7a72d4c00:'/var/folders/kb/gdrz16991hn40tj4v826ntrw0000gn/T/XcodeDistPipeline.~~~VjHPgK/Root/Applications/Xe-Image Convert.app/Contents/Frameworks/Sparkle.framework/Versions/B'>
2026-06-11 04:36:14 +0000 [MT] IDEDistributionItem init <DVTFilePath:0x7abd18880:'/var/folders/kb/gdrz16991hn40tj4v826ntrw0000gn/T/XcodeDistPipeline.~~~VjHPgK/Root/Applications/Xe-Image Convert.app'>
2026-06-11 04:36:14 +0000 [MT] [OPTIONAL] Didn't find embedded provisioning profile for <DVTFilePath:0x7abd18880:'/var/folders/kb/gdrz16991hn40tj4v826ntrw0000gn/T/XcodeDistPipeline.~~~VjHPgK/Root/Applications/Xe-Image Convert.app'>: Error Domain=NSCocoaErrorDomain Code=4 "No file at <DVTFilePath:0x7a7c30770:'/var/folders/kb/gdrz16991hn40tj4v826ntrw0000gn/T/XcodeDistPipeline.~~~VjHPgK/Root/Applications/Xe-Image Convert.app/Contents/embedded.provisionprofile'>" UserInfo={NSLocalizedDescription=No file at <DVTFilePath:0x7a7c30770:'/var/folders/kb/gdrz16991hn40tj4v826ntrw0000gn/T/XcodeDistPipeline.~~~VjHPgK/Root/Applications/Xe-Image Convert.app/Contents/embedded.provisionprofile'>}
2026-06-11 04:36:14 +0000 [MT] Processing step: IDEDistributionCreateManifestStep
2026-06-11 04:36:14 +0000 [MT] Skipping step: IDEDistributionCreateManifestStep because it said so
